##########################################################
######################TreinoIniciado######################
##########################################################
Iteração número: 100
##########################################################
##############Comparação_99_R_4_C_0_Iniciada##############
##########################################################
Process Process-5:
Traceback (most recent call last):
  File "/usr/lib/python3.6/multiprocessing/process.py", line 258, in _bootstrap
    self.run()
  File "/usr/lib/python3.6/multiprocessing/process.py", line 93, in run
    self._target(*self._args, **self._kwargs)
  File "train.py", line 105, in treina
    comparacao.compSimTr(est_ac, nRotas, iNumEp, vRec, indVr, vConst, indVc)
  File "/home/moises/treino3APS-simples/treinamento/comp.py", line 172, in compSimTr
    dadosRef = refinamento.ref("../../results2IA/assocResp_probeReq-" + str(i) + "_r.txt", "../../results2IA/posTime_" + str(i) + ".txt")
  File "/home/moises/treino3APS-simples/treinamento/ref.py", line 62, in ref
    dadosProbeAssoc(assocRespFile, dadosPA)
  File "/home/moises/treino3APS-simples/treinamento/ref.py", line 2, in dadosProbeAssoc
    arq = open(nomeArq, "r")
FileNotFoundError: [Errno 2] No such file or directory: '../../results2IA/assocResp_probeReq-0_r.txt'
##########################################################
######################TreinoIniciado######################
##########################################################
Iteração número: 100
##########################################################
##############Comparação_99_R_0_C_0_Iniciada##############
##########################################################
Process Process-1:
Traceback (most recent call last):
  File "/usr/lib/python3.6/multiprocessing/process.py", line 258, in _bootstrap
    self.run()
  File "/usr/lib/python3.6/multiprocessing/process.py", line 93, in run
    self._target(*self._args, **self._kwargs)
  File "train.py", line 105, in treina
    comparacao.compSimTr(est_ac, nRotas, iNumEp, vRec, indVr, vConst, indVc)
  File "/home/moises/treino3APS-simples/treinamento/comp.py", line 172, in compSimTr
    dadosRef = refinamento.ref("../../results2IA/assocResp_probeReq-" + str(i) + "_r.txt", "../../results2IA/posTime_" + str(i) + ".txt")
  File "/home/moises/treino3APS-simples/treinamento/ref.py", line 62, in ref
    dadosProbeAssoc(assocRespFile, dadosPA)
  File "/home/moises/treino3APS-simples/treinamento/ref.py", line 2, in dadosProbeAssoc
    arq = open(nomeArq, "r")
FileNotFoundError: [Errno 2] No such file or directory: '../../results2IA/assocResp_probeReq-0_r.txt'
##########################################################
######################TreinoIniciado######################
##########################################################
Iteração número: 100
##########################################################
##############Comparação_99_R_1_C_0_Iniciada##############
##########################################################
Process Process-2:
Traceback (most recent call last):
  File "/usr/lib/python3.6/multiprocessing/process.py", line 258, in _bootstrap
    self.run()
  File "/usr/lib/python3.6/multiprocessing/process.py", line 93, in run
    self._target(*self._args, **self._kwargs)
  File "train.py", line 105, in treina
    comparacao.compSimTr(est_ac, nRotas, iNumEp, vRec, indVr, vConst, indVc)
  File "/home/moises/treino3APS-simples/treinamento/comp.py", line 172, in compSimTr
    dadosRef = refinamento.ref("../../results2IA/assocResp_probeReq-" + str(i) + "_r.txt", "../../results2IA/posTime_" + str(i) + ".txt")
  File "/home/moises/treino3APS-simples/treinamento/ref.py", line 62, in ref
    dadosProbeAssoc(assocRespFile, dadosPA)
  File "/home/moises/treino3APS-simples/treinamento/ref.py", line 2, in dadosProbeAssoc
    arq = open(nomeArq, "r")
FileNotFoundError: [Errno 2] No such file or directory: '../../results2IA/assocResp_probeReq-0_r.txt'
##########################################################
######################TreinoIniciado######################
##########################################################
Iteração número: 100
##########################################################
##############Comparação_99_R_3_C_0_Iniciada##############
##########################################################
Process Process-4:
Traceback (most recent call last):
  File "/usr/lib/python3.6/multiprocessing/process.py", line 258, in _bootstrap
    self.run()
  File "/usr/lib/python3.6/multiprocessing/process.py", line 93, in run
    self._target(*self._args, **self._kwargs)
  File "train.py", line 105, in treina
    comparacao.compSimTr(est_ac, nRotas, iNumEp, vRec, indVr, vConst, indVc)
  File "/home/moises/treino3APS-simples/treinamento/comp.py", line 172, in compSimTr
    dadosRef = refinamento.ref("../../results2IA/assocResp_probeReq-" + str(i) + "_r.txt", "../../results2IA/posTime_" + str(i) + ".txt")
  File "/home/moises/treino3APS-simples/treinamento/ref.py", line 62, in ref
    dadosProbeAssoc(assocRespFile, dadosPA)
  File "/home/moises/treino3APS-simples/treinamento/ref.py", line 2, in dadosProbeAssoc
    arq = open(nomeArq, "r")
FileNotFoundError: [Errno 2] No such file or directory: '../../results2IA/assocResp_probeReq-0_r.txt'
##########################################################
######################TreinoIniciado######################
##########################################################
Iteração número: 100
##########################################################
##############Comparação_99_R_2_C_0_Iniciada##############
##########################################################
Process Process-3:
Traceback (most recent call last):
  File "/usr/lib/python3.6/multiprocessing/process.py", line 258, in _bootstrap
    self.run()
  File "/usr/lib/python3.6/multiprocessing/process.py", line 93, in run
    self._target(*self._args, **self._kwargs)
  File "train.py", line 105, in treina
    comparacao.compSimTr(est_ac, nRotas, iNumEp, vRec, indVr, vConst, indVc)
  File "/home/moises/treino3APS-simples/treinamento/comp.py", line 172, in compSimTr
    dadosRef = refinamento.ref("../../results2IA/assocResp_probeReq-" + str(i) + "_r.txt", "../../results2IA/posTime_" + str(i) + ".txt")
  File "/home/moises/treino3APS-simples/treinamento/ref.py", line 62, in ref
    dadosProbeAssoc(assocRespFile, dadosPA)
  File "/home/moises/treino3APS-simples/treinamento/ref.py", line 2, in dadosProbeAssoc
    arq = open(nomeArq, "r")
FileNotFoundError: [Errno 2] No such file or directory: '../../results2IA/assocResp_probeReq-0_r.txt'
##########################################################
######################TreinoIniciado######################
##########################################################
Iteração número: 100
##########################################################
##############Comparação_99_R_3_C_0_Iniciada##############
##########################################################
##########################################################
##############Comparação99_R_3_C_0_Finalizada##############
##########################################################

##########################################################
#################SalvamentoQValueIniciado#################
##########################################################
##########################################################
################SalvamentoQValueFinalizado################
##########################################################
Iteração número: 200
Iteração número: 300
Iteração número: 400
Iteração número: 500
##########################################################
##############Comparação_499_R_3_C_0_Iniciada##############
##########################################################
##########################################################
##############Comparação499_R_3_C_0_Finalizada##############
##########################################################

##########################################################
#################SalvamentoQValueIniciado#################
##########################################################
##########################################################
################SalvamentoQValueFinalizado################
##########################################################
Iteração número: 600
Iteração número: 700
Iteração número: 800
Iteração número: 900
Iteração número: 1000
##########################################################
##############Comparação_999_R_3_C_0_Iniciada##############
##########################################################
##########################################################
##############Comparação999_R_3_C_0_Finalizada##############
##########################################################

##########################################################
#################SalvamentoQValueIniciado#################
##########################################################
##########################################################
################SalvamentoQValueFinalizado################
##########################################################
##########################################################
#####################TreinoFinalizado#####################
##########################################################

##########################################################
######################TreinoIniciado######################
##########################################################
Iteração número: 100
##########################################################
##############Comparação_99_R_1_C_0_Iniciada##############
##########################################################
##########################################################
##############Comparação99_R_1_C_0_Finalizada##############
##########################################################

##########################################################
#################SalvamentoQValueIniciado#################
##########################################################
##########################################################
################SalvamentoQValueFinalizado################
##########################################################
Iteração número: 200
Iteração número: 300
Iteração número: 400
Iteração número: 500
##########################################################
##############Comparação_499_R_1_C_0_Iniciada##############
##########################################################
##########################################################
##############Comparação499_R_1_C_0_Finalizada##############
##########################################################

##########################################################
#################SalvamentoQValueIniciado#################
##########################################################
##########################################################
################SalvamentoQValueFinalizado################
##########################################################
Iteração número: 600
Iteração número: 700
Iteração número: 800
Iteração número: 900
Iteração número: 1000
##########################################################
##############Comparação_999_R_1_C_0_Iniciada##############
##########################################################
##########################################################
##############Comparação999_R_1_C_0_Finalizada##############
##########################################################

##########################################################
#################SalvamentoQValueIniciado#################
##########################################################
##########################################################
################SalvamentoQValueFinalizado################
##########################################################
##########################################################
#####################TreinoFinalizado#####################
##########################################################

##########################################################
######################TreinoIniciado######################
##########################################################
Iteração número: 100
##########################################################
##############Comparação_99_R_0_C_0_Iniciada##############
##########################################################
##########################################################
##############Comparação99_R_0_C_0_Finalizada##############
##########################################################

##########################################################
#################SalvamentoQValueIniciado#################
##########################################################
##########################################################
################SalvamentoQValueFinalizado################
##########################################################
Iteração número: 200
Iteração número: 300
Iteração número: 400
Iteração número: 500
##########################################################
##############Comparação_499_R_0_C_0_Iniciada##############
##########################################################
##########################################################
##############Comparação499_R_0_C_0_Finalizada##############
##########################################################

##########################################################
#################SalvamentoQValueIniciado#################
##########################################################
##########################################################
################SalvamentoQValueFinalizado################
##########################################################
Iteração número: 600
Iteração número: 700
Iteração número: 800
Iteração número: 900
Iteração número: 1000
##########################################################
##############Comparação_999_R_0_C_0_Iniciada##############
##########################################################
##########################################################
##############Comparação999_R_0_C_0_Finalizada##############
##########################################################

##########################################################
#################SalvamentoQValueIniciado#################
##########################################################
##########################################################
################SalvamentoQValueFinalizado################
##########################################################
##########################################################
#####################TreinoFinalizado#####################
##########################################################

##########################################################
######################TreinoIniciado######################
##########################################################
Iteração número: 100
##########################################################
##############Comparação_99_R_4_C_0_Iniciada##############
##########################################################
##########################################################
##############Comparação99_R_4_C_0_Finalizada##############
##########################################################

##########################################################
#################SalvamentoQValueIniciado#################
##########################################################
##########################################################
################SalvamentoQValueFinalizado################
##########################################################
Iteração número: 200
Iteração número: 300
Iteração número: 400
Iteração número: 500
##########################################################
##############Comparação_499_R_4_C_0_Iniciada##############
##########################################################
##########################################################
##############Comparação499_R_4_C_0_Finalizada##############
##########################################################

##########################################################
#################SalvamentoQValueIniciado#################
##########################################################
##########################################################
################SalvamentoQValueFinalizado################
##########################################################
Iteração número: 600
Iteração número: 700
Iteração número: 800
Iteração número: 900
Iteração número: 1000
##########################################################
##############Comparação_999_R_4_C_0_Iniciada##############
##########################################################
##########################################################
##############Comparação999_R_4_C_0_Finalizada##############
##########################################################

##########################################################
#################SalvamentoQValueIniciado#################
##########################################################
##########################################################
################SalvamentoQValueFinalizado################
##########################################################
##########################################################
#####################TreinoFinalizado#####################
##########################################################

##########################################################
######################TreinoIniciado######################
##########################################################
Iteração número: 100
##########################################################
##############Comparação_99_R_2_C_0_Iniciada##############
##########################################################
##########################################################
##############Comparação99_R_2_C_0_Finalizada##############
##########################################################

##########################################################
#################SalvamentoQValueIniciado#################
##########################################################
##########################################################
################SalvamentoQValueFinalizado################
##########################################################
Iteração número: 200
Iteração número: 300
Iteração número: 400
Iteração número: 500
##########################################################
##############Comparação_499_R_2_C_0_Iniciada##############
##########################################################
##########################################################
##############Comparação499_R_2_C_0_Finalizada##############
##########################################################

##########################################################
#################SalvamentoQValueIniciado#################
##########################################################
##########################################################
################SalvamentoQValueFinalizado################
##########################################################
Iteração número: 600
Iteração número: 700
Iteração número: 800
Iteração número: 900
Iteração número: 1000
##########################################################
##############Comparação_999_R_2_C_0_Iniciada##############
##########################################################
##########################################################
##############Comparação999_R_2_C_0_Finalizada##############
##########################################################

##########################################################
#################SalvamentoQValueIniciado#################
##########################################################
##########################################################
################SalvamentoQValueFinalizado################
##########################################################
##########################################################
#####################TreinoFinalizado#####################
##########################################################

##########################################################
######################TreinoIniciado######################
##########################################################
Iteração número: 100
##########################################################
##############Comparação_99_R_4_C_0_Iniciada##############
##########################################################
##########################################################
##############Comparação99_R_4_C_0_Finalizada##############
##########################################################

##########################################################
#################SalvamentoQValueIniciado#################
##########################################################
##########################################################
################SalvamentoQValueFinalizado################
##########################################################
Iteração número: 200
Iteração número: 300
Iteração número: 400
Iteração número: 500
##########################################################
##############Comparação_499_R_4_C_0_Iniciada##############
##########################################################
##########################################################
##############Comparação499_R_4_C_0_Finalizada##############
##########################################################

##########################################################
#################SalvamentoQValueIniciado#################
##########################################################
##########################################################
################SalvamentoQValueFinalizado################
##########################################################
Iteração número: 600
Iteração número: 700
Iteração número: 800
Iteração número: 900
Iteração número: 1000
##########################################################
##############Comparação_999_R_4_C_0_Iniciada##############
##########################################################
##########################################################
##############Comparação999_R_4_C_0_Finalizada##############
##########################################################

##########################################################
#################SalvamentoQValueIniciado#################
##########################################################
##########################################################
################SalvamentoQValueFinalizado################
##########################################################
##########################################################
#####################TreinoFinalizado#####################
##########################################################

##########################################################
######################TreinoIniciado######################
##########################################################
Iteração número: 100
##########################################################
##############Comparação_99_R_1_C_0_Iniciada##############
##########################################################
##########################################################
##############Comparação99_R_1_C_0_Finalizada##############
##########################################################

##########################################################
#################SalvamentoQValueIniciado#################
##########################################################
##########################################################
################SalvamentoQValueFinalizado################
##########################################################
Iteração número: 200
Iteração número: 300
Iteração número: 400
Iteração número: 500
##########################################################
##############Comparação_499_R_1_C_0_Iniciada##############
##########################################################
##########################################################
##############Comparação499_R_1_C_0_Finalizada##############
##########################################################

##########################################################
#################SalvamentoQValueIniciado#################
##########################################################
##########################################################
################SalvamentoQValueFinalizado################
##########################################################
Iteração número: 600
Iteração número: 700
Iteração número: 800
Iteração número: 900
Iteração número: 1000
##########################################################
##############Comparação_999_R_1_C_0_Iniciada##############
##########################################################
##########################################################
##############Comparação999_R_1_C_0_Finalizada##############
##########################################################

##########################################################
#################SalvamentoQValueIniciado#################
##########################################################
##########################################################
################SalvamentoQValueFinalizado################
##########################################################
##########################################################
#####################TreinoFinalizado#####################
##########################################################

##########################################################
######################TreinoIniciado######################
##########################################################
Iteração número: 100
##########################################################
##############Comparação_99_R_0_C_0_Iniciada##############
##########################################################
##########################################################
##############Comparação99_R_0_C_0_Finalizada##############
##########################################################

##########################################################
#################SalvamentoQValueIniciado#################
##########################################################
##########################################################
################SalvamentoQValueFinalizado################
##########################################################
Iteração número: 200
Iteração número: 300
Iteração número: 400
Iteração número: 500
##########################################################
##############Comparação_499_R_0_C_0_Iniciada##############
##########################################################
##########################################################
##############Comparação499_R_0_C_0_Finalizada##############
##########################################################

##########################################################
#################SalvamentoQValueIniciado#################
##########################################################
##########################################################
################SalvamentoQValueFinalizado################
##########################################################
Iteração número: 600
Iteração número: 700
Iteração número: 800
Iteração número: 900
Iteração número: 1000
##########################################################
##############Comparação_999_R_0_C_0_Iniciada##############
##########################################################
##########################################################
##############Comparação999_R_0_C_0_Finalizada##############
##########################################################

##########################################################
#################SalvamentoQValueIniciado#################
##########################################################
##########################################################
################SalvamentoQValueFinalizado################
##########################################################
##########################################################
#####################TreinoFinalizado#####################
##########################################################

##########################################################
######################TreinoIniciado######################
##########################################################
Iteração número: 100
##########################################################
##############Comparação_99_R_2_C_0_Iniciada##############
##########################################################
##########################################################
##############Comparação99_R_2_C_0_Finalizada##############
##########################################################

##########################################################
#################SalvamentoQValueIniciado#################
##########################################################
##########################################################
################SalvamentoQValueFinalizado################
##########################################################
Iteração número: 200
Iteração número: 300
Iteração número: 400
Iteração número: 500
##########################################################
##############Comparação_499_R_2_C_0_Iniciada##############
##########################################################
##########################################################
##############Comparação499_R_2_C_0_Finalizada##############
##########################################################

##########################################################
#################SalvamentoQValueIniciado#################
##########################################################
##########################################################
################SalvamentoQValueFinalizado################
##########################################################
Iteração número: 600
Iteração número: 700
Iteração número: 800
Iteração número: 900
Iteração número: 1000
##########################################################
##############Comparação_999_R_2_C_0_Iniciada##############
##########################################################
##########################################################
##############Comparação999_R_2_C_0_Finalizada##############
##########################################################

##########################################################
#################SalvamentoQValueIniciado#################
##########################################################
##########################################################
################SalvamentoQValueFinalizado################
##########################################################
##########################################################
#####################TreinoFinalizado#####################
##########################################################

##########################################################
######################TreinoIniciado######################
##########################################################
Iteração número: 100
##########################################################
##############Comparação_99_R_3_C_0_Iniciada##############
##########################################################
##########################################################
##############Comparação99_R_3_C_0_Finalizada##############
##########################################################

##########################################################
#################SalvamentoQValueIniciado#################
##########################################################
##########################################################
################SalvamentoQValueFinalizado################
##########################################################
Iteração número: 200
Iteração número: 300
Iteração número: 400
Iteração número: 500
##########################################################
##############Comparação_499_R_3_C_0_Iniciada##############
##########################################################
##########################################################
##############Comparação499_R_3_C_0_Finalizada##############
##########################################################

##########################################################
#################SalvamentoQValueIniciado#################
##########################################################
##########################################################
################SalvamentoQValueFinalizado################
##########################################################
Iteração número: 600
Iteração número: 700
Iteração número: 800
Iteração número: 900
Iteração número: 1000
##########################################################
##############Comparação_999_R_3_C_0_Iniciada##############
##########################################################
##########################################################
##############Comparação999_R_3_C_0_Finalizada##############
##########################################################

##########################################################
#################SalvamentoQValueIniciado#################
##########################################################
##########################################################
################SalvamentoQValueFinalizado################
##########################################################
##########################################################
#####################TreinoFinalizado#####################
##########################################################

##########################################################
######################TreinoIniciado######################
##########################################################
##########################################################
######################TreinoIniciado######################
##########################################################
Process Process-1:
Traceback (most recent call last):
  File "/home/moises/treino3APS-simples/treinamento/tr.py", line 48, in treinamento
    est_ac[S][A] = est_ac[S][A] + vConst[0] * (R + vConst[1] * MA - est_ac[S][A])
KeyError: ('(400,270,0)', '(400,280,0)', 'AP3')

During handling of the above exception, another exception occurred:

Traceback (most recent call last):
  File "/usr/lib/python3.6/multiprocessing/process.py", line 258, in _bootstrap
    self.run()
  File "/usr/lib/python3.6/multiprocessing/process.py", line 93, in run
    self._target(*self._args, **self._kwargs)
  File "train.py", line 98, in treina
    treinamento.treinamento(nRotas, est, est_ac, vRec[indVr], vConst[indVc])
  File "/home/moises/treino3APS-simples/treinamento/tr.py", line 51, in treinamento
    est_ac[S][A] = est_ac[S][A] + vConst[0] * (R + vConst[1] * MA - est_ac[S][A])
KeyError: ('(400,270,0)', '(400,280,0)', 'AP3')
Process Process-5:
Traceback (most recent call last):
  File "/home/moises/treino3APS-simples/treinamento/tr.py", line 48, in treinamento
    est_ac[S][A] = est_ac[S][A] + vConst[0] * (R + vConst[1] * MA - est_ac[S][A])
KeyError: ('(320,200,0)', '(330,200,0)', 'AP1')

During handling of the above exception, another exception occurred:

Traceback (most recent call last):
  File "/usr/lib/python3.6/multiprocessing/process.py", line 258, in _bootstrap
    self.run()
  File "/usr/lib/python3.6/multiprocessing/process.py", line 93, in run
    self._target(*self._args, **self._kwargs)
  File "train.py", line 98, in treina
    treinamento.treinamento(nRotas, est, est_ac, vRec[indVr], vConst[indVc])
  File "/home/moises/treino3APS-simples/treinamento/tr.py", line 51, in treinamento
    est_ac[S][A] = est_ac[S][A] + vConst[0] * (R + vConst[1] * MA - est_ac[S][A])
KeyError: ('(320,200,0)', '(330,200,0)', 'AP1')
##########################################################
######################TreinoIniciado######################
##########################################################
Process Process-2:
Traceback (most recent call last):
  File "/home/moises/treino3APS-simples/treinamento/tr.py", line 48, in treinamento
    est_ac[S][A] = est_ac[S][A] + vConst[0] * (R + vConst[1] * MA - est_ac[S][A])
KeyError: ('(320,200,0)', '(330,200,0)', 'AP1')

During handling of the above exception, another exception occurred:

Traceback (most recent call last):
  File "/usr/lib/python3.6/multiprocessing/process.py", line 258, in _bootstrap
    self.run()
  File "/usr/lib/python3.6/multiprocessing/process.py", line 93, in run
    self._target(*self._args, **self._kwargs)
  File "train.py", line 98, in treina
    treinamento.treinamento(nRotas, est, est_ac, vRec[indVr], vConst[indVc])
  File "/home/moises/treino3APS-simples/treinamento/tr.py", line 51, in treinamento
    est_ac[S][A] = est_ac[S][A] + vConst[0] * (R + vConst[1] * MA - est_ac[S][A])
KeyError: ('(320,200,0)', '(330,200,0)', 'AP1')
##########################################################
######################TreinoIniciado######################
##########################################################
Process Process-3:
Traceback (most recent call last):
  File "/home/moises/treino3APS-simples/treinamento/tr.py", line 48, in treinamento
    est_ac[S][A] = est_ac[S][A] + vConst[0] * (R + vConst[1] * MA - est_ac[S][A])
KeyError: ('(100,100,0)', '(90,100,0)', 'AP1')

During handling of the above exception, another exception occurred:

Traceback (most recent call last):
  File "/usr/lib/python3.6/multiprocessing/process.py", line 258, in _bootstrap
    self.run()
  File "/usr/lib/python3.6/multiprocessing/process.py", line 93, in run
    self._target(*self._args, **self._kwargs)
  File "train.py", line 98, in treina
    treinamento.treinamento(nRotas, est, est_ac, vRec[indVr], vConst[indVc])
  File "/home/moises/treino3APS-simples/treinamento/tr.py", line 51, in treinamento
    est_ac[S][A] = est_ac[S][A] + vConst[0] * (R + vConst[1] * MA - est_ac[S][A])
KeyError: ('(100,100,0)', '(90,100,0)', 'AP1')
##########################################################
######################TreinoIniciado######################
##########################################################
Process Process-4:
Traceback (most recent call last):
  File "/home/moises/treino3APS-simples/treinamento/tr.py", line 48, in treinamento
    est_ac[S][A] = est_ac[S][A] + vConst[0] * (R + vConst[1] * MA - est_ac[S][A])
KeyError: ('(500,110,0)', '(500,100,0)', 'AP2')

During handling of the above exception, another exception occurred:

Traceback (most recent call last):
  File "/usr/lib/python3.6/multiprocessing/process.py", line 258, in _bootstrap
    self.run()
  File "/usr/lib/python3.6/multiprocessing/process.py", line 93, in run
    self._target(*self._args, **self._kwargs)
  File "train.py", line 98, in treina
    treinamento.treinamento(nRotas, est, est_ac, vRec[indVr], vConst[indVc])
  File "/home/moises/treino3APS-simples/treinamento/tr.py", line 51, in treinamento
    est_ac[S][A] = est_ac[S][A] + vConst[0] * (R + vConst[1] * MA - est_ac[S][A])
KeyError: ('(500,110,0)', '(500,100,0)', 'AP2')
##########################################################
######################TreinoIniciado######################
##########################################################
Iteração número: 100
##########################################################
##############Comparação_99_R_2_C_0_Iniciada##############
##########################################################
##########################################################
##############Comparação99_R_2_C_0_Finalizada##############
##########################################################

##########################################################
#################SalvamentoQValueIniciado#################
##########################################################
##########################################################
################SalvamentoQValueFinalizado################
##########################################################
Iteração número: 200
Iteração número: 300
Iteração número: 400
Iteração número: 500
##########################################################
##############Comparação_499_R_2_C_0_Iniciada##############
##########################################################
##########################################################
##############Comparação499_R_2_C_0_Finalizada##############
##########################################################

##########################################################
#################SalvamentoQValueIniciado#################
##########################################################
##########################################################
################SalvamentoQValueFinalizado################
##########################################################
Iteração número: 600
Iteração número: 700
Iteração número: 800
Iteração número: 900
Iteração número: 1000
##########################################################
##############Comparação_999_R_2_C_0_Iniciada##############
##########################################################
##########################################################
##############Comparação999_R_2_C_0_Finalizada##############
##########################################################

##########################################################
#################SalvamentoQValueIniciado#################
##########################################################
##########################################################
################SalvamentoQValueFinalizado################
##########################################################
##########################################################
#####################TreinoFinalizado#####################
##########################################################

##########################################################
######################TreinoIniciado######################
##########################################################
Iteração número: 100
##########################################################
##############Comparação_99_R_0_C_0_Iniciada##############
##########################################################
##########################################################
##############Comparação99_R_0_C_0_Finalizada##############
##########################################################

##########################################################
#################SalvamentoQValueIniciado#################
##########################################################
##########################################################
################SalvamentoQValueFinalizado################
##########################################################
Iteração número: 200
Iteração número: 300
Iteração número: 400
Iteração número: 500
##########################################################
##############Comparação_499_R_0_C_0_Iniciada##############
##########################################################
##########################################################
##############Comparação499_R_0_C_0_Finalizada##############
##########################################################

##########################################################
#################SalvamentoQValueIniciado#################
##########################################################
##########################################################
################SalvamentoQValueFinalizado################
##########################################################
Iteração número: 600
Iteração número: 700
Iteração número: 800
Iteração número: 900
Iteração número: 1000
##########################################################
##############Comparação_999_R_0_C_0_Iniciada##############
##########################################################
##########################################################
##############Comparação999_R_0_C_0_Finalizada##############
##########################################################

##########################################################
#################SalvamentoQValueIniciado#################
##########################################################
##########################################################
################SalvamentoQValueFinalizado################
##########################################################
##########################################################
#####################TreinoFinalizado#####################
##########################################################

##########################################################
######################TreinoIniciado######################
##########################################################
Iteração número: 100
##########################################################
##############Comparação_99_R_3_C_0_Iniciada##############
##########################################################
##########################################################
##############Comparação99_R_3_C_0_Finalizada##############
##########################################################

##########################################################
#################SalvamentoQValueIniciado#################
##########################################################
##########################################################
################SalvamentoQValueFinalizado################
##########################################################
Iteração número: 200
Iteração número: 300
Iteração número: 400
Iteração número: 500
##########################################################
##############Comparação_499_R_3_C_0_Iniciada##############
##########################################################
##########################################################
##############Comparação499_R_3_C_0_Finalizada##############
##########################################################

##########################################################
#################SalvamentoQValueIniciado#################
##########################################################
##########################################################
################SalvamentoQValueFinalizado################
##########################################################
Iteração número: 600
Iteração número: 700
Iteração número: 800
Iteração número: 900
Iteração número: 1000
##########################################################
##############Comparação_999_R_3_C_0_Iniciada##############
##########################################################
##########################################################
##############Comparação999_R_3_C_0_Finalizada##############
##########################################################

##########################################################
#################SalvamentoQValueIniciado#################
##########################################################
##########################################################
################SalvamentoQValueFinalizado################
##########################################################
##########################################################
#####################TreinoFinalizado#####################
##########################################################

##########################################################
######################TreinoIniciado######################
##########################################################
Iteração número: 100
##########################################################
##############Comparação_99_R_4_C_0_Iniciada##############
##########################################################
##########################################################
##############Comparação99_R_4_C_0_Finalizada##############
##########################################################

##########################################################
#################SalvamentoQValueIniciado#################
##########################################################
##########################################################
################SalvamentoQValueFinalizado################
##########################################################
Iteração número: 200
Iteração número: 300
Iteração número: 400
Iteração número: 500
##########################################################
##############Comparação_499_R_4_C_0_Iniciada##############
##########################################################
##########################################################
##############Comparação499_R_4_C_0_Finalizada##############
##########################################################

##########################################################
#################SalvamentoQValueIniciado#################
##########################################################
##########################################################
################SalvamentoQValueFinalizado################
##########################################################
Iteração número: 600
Iteração número: 700
Iteração número: 800
Iteração número: 900
Iteração número: 1000
##########################################################
##############Comparação_999_R_4_C_0_Iniciada##############
##########################################################
##########################################################
##############Comparação999_R_4_C_0_Finalizada##############
##########################################################

##########################################################
#################SalvamentoQValueIniciado#################
##########################################################
##########################################################
################SalvamentoQValueFinalizado################
##########################################################
##########################################################
#####################TreinoFinalizado#####################
##########################################################

##########################################################
######################TreinoIniciado######################
##########################################################
Iteração número: 100
##########################################################
##############Comparação_99_R_1_C_0_Iniciada##############
##########################################################
##########################################################
##############Comparação99_R_1_C_0_Finalizada##############
##########################################################

##########################################################
#################SalvamentoQValueIniciado#################
##########################################################
##########################################################
################SalvamentoQValueFinalizado################
##########################################################
Iteração número: 200
Iteração número: 300
Iteração número: 400
Iteração número: 500
##########################################################
##############Comparação_499_R_1_C_0_Iniciada##############
##########################################################
##########################################################
##############Comparação499_R_1_C_0_Finalizada##############
##########################################################

##########################################################
#################SalvamentoQValueIniciado#################
##########################################################
##########################################################
################SalvamentoQValueFinalizado################
##########################################################
Iteração número: 600
Iteração número: 700
Iteração número: 800
Iteração número: 900
Iteração número: 1000
##########################################################
##############Comparação_999_R_1_C_0_Iniciada##############
##########################################################
##########################################################
##############Comparação999_R_1_C_0_Finalizada##############
##########################################################

##########################################################
#################SalvamentoQValueIniciado#################
##########################################################
##########################################################
################SalvamentoQValueFinalizado################
##########################################################
##########################################################
#####################TreinoFinalizado#####################
##########################################################

